Determining if the pthread_create exist failed with the following output:
Change Dir: /home/jetson/Ultra-Light-Fast-Generic-Face-Detector-1MB/ncnn/build/CMakeFiles/CMakeTmp

Run Build Command:"/usr/bin/make" "cmTC_7af0f/fast"
/usr/bin/make -f CMakeFiles/cmTC_7af0f.dir/build.make CMakeFiles/cmTC_7af0f.dir/build
make[1]: Entering directory '/home/jetson/Ultra-Light-Fast-Generic-Face-Detector-1MB/ncnn/build/CMakeFiles/CMakeTmp'
Building C object CMakeFiles/cmTC_7af0f.dir/CheckSymbolExists.c.o
/usr/bin/cc    -o CMakeFiles/cmTC_7af0f.dir/CheckSymbolExists.c.o   -c /home/jetson/Ultra-Light-Fast-Generic-Face-Detector-1MB/ncnn/build/CMakeFiles/CMakeTmp/CheckSymbolExists.c
Linking C executable cmTC_7af0f
/usr/bin/cmake -E cmake_link_script CMakeFiles/cmTC_7af0f.dir/link.txt --verbose=1
/usr/bin/cc      CMakeFiles/cmTC_7af0f.dir/CheckSymbolExists.c.o  -o cmTC_7af0f 
CMakeFiles/cmTC_7af0f.dir/CheckSymbolExists.c.o: In function `main':
CheckSymbolExists.c:(.text+0x1b): undefined reference to `pthread_create'
collect2: error: ld returned 1 exit status
CMakeFiles/cmTC_7af0f.dir/build.make:97: recipe for target 'cmTC_7af0f' failed
make[1]: *** [cmTC_7af0f] Error 1
make[1]: Leaving directory '/home/jetson/Ultra-Light-Fast-Generic-Face-Detector-1MB/ncnn/build/CMakeFiles/CMakeTmp'
Makefile:126: recipe for target 'cmTC_7af0f/fast' failed
make: *** [cmTC_7af0f/fast] Error 2

File /home/jetson/Ultra-Light-Fast-Generic-Face-Detector-1MB/ncnn/build/CMakeFiles/CMakeTmp/CheckSymbolExists.c:
/* */
#include <pthread.h>

int main(int argc, char** argv)
{
  (void)argv;
#ifndef pthread_create
  return ((int*)(&pthread_create))[argc];
#else
  (void)argc;
  return 0;
#endif
}

Determining if the function pthread_create exists in the pthreads failed with the following output:
Change Dir: /home/jetson/Ultra-Light-Fast-Generic-Face-Detector-1MB/ncnn/build/CMakeFiles/CMakeTmp

Run Build Command:"/usr/bin/make" "cmTC_48a72/fast"
/usr/bin/make -f CMakeFiles/cmTC_48a72.dir/build.make CMakeFiles/cmTC_48a72.dir/build
make[1]: Entering directory '/home/jetson/Ultra-Light-Fast-Generic-Face-Detector-1MB/ncnn/build/CMakeFiles/CMakeTmp'
Building C object CMakeFiles/cmTC_48a72.dir/CheckFunctionExists.c.o
/usr/bin/cc   -DCHECK_FUNCTION_EXISTS=pthread_create   -o CMakeFiles/cmTC_48a72.dir/CheckFunctionExists.c.o   -c /usr/share/cmake-3.10/Modules/CheckFunctionExists.c
Linking C executable cmTC_48a72
/usr/bin/cmake -E cmake_link_script CMakeFiles/cmTC_48a72.dir/link.txt --verbose=1
/usr/bin/cc  -DCHECK_FUNCTION_EXISTS=pthread_create    CMakeFiles/cmTC_48a72.dir/CheckFunctionExists.c.o  -o cmTC_48a72 -lpthreads 
/usr/bin/ld: cannot find -lpthreads
collect2: error: ld returned 1 exit status
CMakeFiles/cmTC_48a72.dir/build.make:97: recipe for target 'cmTC_48a72' failed
make[1]: *** [cmTC_48a72] Error 1
make[1]: Leaving directory '/home/jetson/Ultra-Light-Fast-Generic-Face-Detector-1MB/ncnn/build/CMakeFiles/CMakeTmp'
Makefile:126: recipe for target 'cmTC_48a72/fast' failed
make: *** [cmTC_48a72/fast] Error 2


